<?xml version="1.0" encoding="UTF-8"?>
<!-- Generated by org.testng.reporters.JUnitReportReporter -->
<testsuite hostname="Kranthi5" failures="0" tests="1" name="product_test.Testcase_05" time="3.600" errors="0" timestamp="2025-05-12T10:34:45 IST" skipped="0">
  <testcase classname="product_test.Testcase_05" name="Register_User_with_existing_email" time="3.600"/>
  <system-out>
    <![CDATA[BrowserSetup: chrome Successfull
Closebrowser Successfull
BrowserSetup: chrome Successfull
Closebrowser Successfull
BrowserSetup: chrome Successfull
Closebrowser Successfull
BrowserSetup: chrome Successfull
Closebrowser Successfull
BrowserSetup: chrome Successfull
Closebrowser Successfull
BrowserSetup: chrome Successfull
Closebrowser Successfull
BrowserSetup: chrome Successfull
Closebrowser Successfull
BrowserSetup: chrome Successfull
Closebrowser Successfull
BrowserSetup: chrome Successfull
Closebrowser Successfull
BrowserSetup: chrome Successfull
Closebrowser Successfull
BrowserSetup: chrome Successfull
Closebrowser Successfull
BrowserSetup: chrome Successfull
Closebrowser Successfull
BrowserSetup: chrome Successfull
Closebrowser Successfull
BrowserSetup: chrome Successfull
Closebrowser Successfull
BrowserSetup: chrome Successfull
Closebrowser Successfull
BrowserSetup: chrome Successfull
Closebrowser Successfull
BrowserSetup: chrome Successfull
Closebrowser Successfull
BrowserSetup: chrome Successfull
Closebrowser Successfull
BrowserSetup: chrome Successfull
Closebrowser Successfull
BrowserSetup: chrome Successfull
Closebrowser Successfull
BrowserSetup: chrome Successfull
Closebrowser Successfull
BrowserSetup: chrome Successfull
Closebrowser Successfull
BrowserSetup: chrome Successfull
Closebrowser Successfull
BrowserSetup: chrome Successfull
Closebrowser Successfull
BrowserSetup: chrome Successfull
Closebrowser Successfull
BrowserSetup: chrome Successfull
Closebrowser Successfull]]>
  </system-out>
</testsuite> <!-- product_test.Testcase_05 -->
