<?xml version="1.0" encoding="UTF-8"?>
<!-- Generated by org.testng.reporters.JUnitReportReporter -->
<testsuite hostname="Kranthi5" failures="0" tests="1" name="product_test.Testcase_08" time="10.864" errors="0" timestamp="2025-05-12T10:34:45 IST" skipped="0">
  <testcase classname="product_test.Testcase_08" name="VerifyAll_Products_and_product_detail_page" time="10.864"/>
  <system-out>
    <![CDATA[BrowserSetup: chrome Successfull
Closebrowser Successfull
BrowserSetup: chrome Successfull
Closebrowser Successfull
BrowserSetup: chrome Successfull
Closebrowser Successfull
BrowserSetup: chrome Successfull
Closebrowser Successfull
BrowserSetup: chrome Successfull
Closebrowser Successfull
BrowserSetup: chrome Successfull
Closebrowser Successfull
BrowserSetup: chrome Successfull
Closebrowser Successfull
BrowserSetup: chrome Successfull
Closebrowser Successfull
BrowserSetup: chrome Successfull
Closebrowser Successfull
BrowserSetup: chrome Successfull
Closebrowser Successfull
BrowserSetup: chrome Successfull
Closebrowser Successfull
BrowserSetup: chrome Successfull
Closebrowser Successfull
BrowserSetup: chrome Successfull
Closebrowser Successfull
BrowserSetup: chrome Successfull
Closebrowser Successfull
BrowserSetup: chrome Successfull
Closebrowser Successfull
BrowserSetup: chrome Successfull
Closebrowser Successfull
BrowserSetup: chrome Successfull
Closebrowser Successfull
BrowserSetup: chrome Successfull
Closebrowser Successfull
BrowserSetup: chrome Successfull
Closebrowser Successfull
BrowserSetup: chrome Successfull
Closebrowser Successfull
BrowserSetup: chrome Successfull
Closebrowser Successfull
BrowserSetup: chrome Successfull
Closebrowser Successfull
BrowserSetup: chrome Successfull
Closebrowser Successfull
BrowserSetup: chrome Successfull
Closebrowser Successfull
BrowserSetup: chrome Successfull
Closebrowser Successfull
BrowserSetup: chrome Successfull
Closebrowser Successfull]]>
  </system-out>
</testsuite> <!-- product_test.Testcase_08 -->
