<?xml version="1.0" encoding="UTF-8"?>
<!-- Generated by org.testng.reporters.JUnitReportReporter -->
<testsuite hostname="Lenovo-suryaS" failures="0" tests="1" name="product_test.Testcase_10" time="2.460" errors="0" timestamp="2025-05-06T15:06:58 IST" skipped="0">
  <testcase classname="product_test.Testcase_10" name="Verify_Subscription_in_home_page" time="2.460"/>
  <system-out>
    <![CDATA[BrowserSetup: chrome Successfull
Closebrowser Successfull
BrowserSetup: chrome Successfull
Closebrowser Successfull
BrowserSetup: chrome Successfull
Closebrowser Successfull
BrowserSetup: chrome Successfull
Closebrowser Successfull
BrowserSetup: chrome Successfull
Closebrowser Successfull
BrowserSetup: chrome Successfull
Closebrowser Successfull
BrowserSetup: chrome Successfull
Closebrowser Successfull
BrowserSetup: chrome Successfull
Closebrowser Successfull
BrowserSetup: chrome Successfull
Closebrowser Successfull
BrowserSetup: chrome Successfull
Closebrowser Successfull
BrowserSetup: chrome Successfull
Closebrowser Successfull
BrowserSetup: chrome Successfull
Closebrowser Successfull
BrowserSetup: chrome Successfull
Closebrowser Successfull
BrowserSetup: chrome Successfull
Closebrowser Successfull
BrowserSetup: chrome Successfull
Closebrowser Successfull
BrowserSetup: chrome Successfull
Closebrowser Successfull
BrowserSetup: chrome Successfull
Closebrowser Successfull
BrowserSetup: chrome Successfull
Closebrowser Successfull]]>
  </system-out>
</testsuite> <!-- product_test.Testcase_10 -->
