<?xml version="1.0" encoding="UTF-8"?>
<!-- Generated by org.testng.reporters.JUnitReportReporter -->
<testsuite hostname="Kranthi5" failures="0" tests="1" name="product_test.Testcase_21" time="9.190" errors="0" timestamp="2025-05-09T12:15:12 IST" skipped="0">
  <testcase classname="product_test.Testcase_21" name="review" time="9.190"/>
  <system-out>
    <![CDATA[BrowserSetup: chrome Successfull
Closebrowser Successfull
BrowserSetup: chrome Successfull
Closebrowser Successfull
BrowserSetup: chrome Successfull
Closebrowser Successfull
BrowserSetup: chrome Successfull
Closebrowser Successfull
BrowserSetup: chrome Successfull
Closebrowser Successfull
BrowserSetup: chrome Successfull
Closebrowser Successfull
BrowserSetup: chrome Successfull
Closebrowser Successfull
BrowserSetup: chrome Successfull
Closebrowser Successfull
BrowserSetup: chrome Successfull
Closebrowser Successfull
BrowserSetup: chrome Successfull
Closebrowser Successfull
BrowserSetup: chrome Successfull
Closebrowser Successfull
BrowserSetup: chrome Successfull
Closebrowser Successfull
BrowserSetup: chrome Successfull
Closebrowser Successfull
BrowserSetup: chrome Successfull
Closebrowser Successfull
BrowserSetup: chrome Successfull
Closebrowser Successfull
BrowserSetup: chrome Successfull
Closebrowser Successfull
BrowserSetup: chrome Successfull
Closebrowser Successfull
BrowserSetup: chrome Successfull
Closebrowser Successfull
BrowserSetup: chrome Successfull
Closebrowser Successfull
BrowserSetup: chrome Successfull
Closebrowser Successfull
BrowserSetup: chrome Successfull
Closebrowser Successfull
BrowserSetup: chrome Successfull
Closebrowser Successfull
BrowserSetup: chrome Successfull
Closebrowser Successfull
BrowserSetup: chrome Successfull
Closebrowser Successfull
BrowserSetup: chrome Successfull
Closebrowser Successfull
BrowserSetup: chrome Successfull
Closebrowser Successfull]]>
  </system-out>
</testsuite> <!-- product_test.Testcase_21 -->
