<?xml version="1.0" encoding="UTF-8"?>
<!-- Generated by org.testng.reporters.JUnitReportReporter -->
<testsuite hostname="DESKTOP-6I2V9LG" failures="0" tests="1" name="product_test.Testcase_11" time="6.776" errors="0" timestamp="2025-05-12T12:16:17 IST" skipped="0">
  <testcase classname="product_test.Testcase_11" name="VerifySubscriptioninCartpage" time="6.776"/>
  <system-out>
    <![CDATA[BrowserSetup: chrome Successfull
Closebrowser Successfull
BrowserSetup: chrome Successfull
Closebrowser Successfull
BrowserSetup: chrome Successfull
Closebrowser Successfull
BrowserSetup: chrome Successfull
Closebrowser Successfull
BrowserSetup: chrome Successfull
Closebrowser Successfull]]>
  </system-out>
</testsuite> <!-- product_test.Testcase_11 -->
