<?xml version="1.0" encoding="UTF-8"?>
<!-- Generated by org.testng.reporters.JUnitReportReporter -->
<testsuite hostname="Kranthi5" failures="0" tests="1" name="product_test.Testcase_18" time="23.919" errors="1" timestamp="2025-05-09T20:13:27 IST" skipped="0">
  <testcase classname="product_test.Testcase_18" name="View_Category_Products" time="23.919">
    <error type="java.lang.StackOverflowError">
      <![CDATA[java.lang.StackOverflowError
at PageRepository.HomePage.getcategory(HomePage.java:91)
at PageRepository.HomePage.getcategory(HomePage.java:91)
at PageRepository.HomePage.getcategory(HomePage.java:91)
at PageRepository.HomePage.getcategory(HomePage.java:91)
at PageRepository.HomePage.getcategory(HomePage.java:91)
at PageRepository.HomePage.getcategory(HomePage.java:91)
at PageRepository.HomePage.getcategory(HomePage.java:91)
at PageRepository.HomePage.getcategory(HomePage.java:91)
at PageRepository.HomePage.getcategory(HomePage.java:91)
at PageRepository.HomePage.getcategory(HomePage.java:91)
at PageRepository.HomePage.getcategory(HomePage.java:91)
at PageRepository.HomePage.getcategory(HomePage.java:91)
at PageRepository.HomePage.getcategory(HomePage.java:91)
at PageRepository.HomePage.getcategory(HomePage.java:91)
at PageRepository.HomePage.getcategory(HomePage.java:91)
at PageRepository.HomePage.getcategory(HomePage.java:91)
at PageRepository.HomePage.getcategory(HomePage.java:91)
at PageRepository.HomePage.getcategory(HomePage.java:91)
at PageRepository.HomePage.getcategory(HomePage.java:91)
at PageRepository.HomePage.getcategory(HomePage.java:91)
at PageRepository.HomePage.getcategory(HomePage.java:91)
at PageRepository.HomePage.getcategory(HomePage.java:91)
at PageRepository.HomePage.getcategory(HomePage.java:91)
at PageRepository.HomePage.getcategory(HomePage.java:91)
at PageRepository.HomePage.getcategory(HomePage.java:91)
at PageRepository.HomePage.getcategory(HomePage.java:91)
at PageRepository.HomePage.getcategory(HomePage.java:91)
at PageRepository.HomePage.getcategory(HomePage.java:91)
at PageRepository.HomePage.getcategory(HomePage.java:91)
at PageRepository.HomePage.getcategory(HomePage.java:91)
at PageRepository.HomePage.getcategory(HomePage.java:91)
at PageRepository.HomePage.getcategory(HomePage.java:91)
at PageRepository.HomePage.getcategory(HomePage.java:91)
at PageRepository.HomePage.getcategory(HomePage.java:91)
at PageRepository.HomePage.getcategory(HomePage.java:91)
at PageRepository.HomePage.getcategory(HomePage.java:91)
at PageRepository.HomePage.getcategory(HomePage.java:91)
at PageRepository.HomePage.getcategory(HomePage.java:91)
at PageRepository.HomePage.getcategory(HomePage.java:91)
at PageRepository.HomePage.getcategory(HomePage.java:91)
at PageRepository.HomePage.getcategory(HomePage.java:91)
at PageRepository.HomePage.getcategory(HomePage.java:91)
at PageRepository.HomePage.getcategory(HomePage.java:91)
at PageRepository.HomePage.getcategory(HomePage.java:91)
at PageRepository.HomePage.getcategory(HomePage.java:91)
at PageRepository.HomePage.getcategory(HomePage.java:91)
at PageRepository.HomePage.getcategory(HomePage.java:91)
at PageRepository.HomePage.getcategory(HomePage.java:91)
at PageRepository.HomePage.getcategory(HomePage.java:91)
at PageRepository.HomePage.getcategory(HomePage.java:91)
at PageRepository.HomePage.getcategory(HomePage.java:91)
at PageRepository.HomePage.getcategory(HomePage.java:91)
at PageRepository.HomePage.getcategory(HomePage.java:91)
at PageRepository.HomePage.getcategory(HomePage.java:91)
at PageRepository.HomePage.getcategory(HomePage.java:91)
at PageRepository.HomePage.getcategory(HomePage.java:91)
at PageRepository.HomePage.getcategory(HomePage.java:91)
at PageRepository.HomePage.getcategory(HomePage.java:91)
at PageRepository.HomePage.getcategory(HomePage.java:91)
at PageRepository.HomePage.getcategory(HomePage.java:91)
at PageRepository.HomePage.getcategory(HomePage.java:91)
at PageRepository.HomePage.getcategory(HomePage.java:91)
at PageRepository.HomePage.getcategory(HomePage.java:91)
at PageRepository.HomePage.getcategory(HomePage.java:91)
at PageRepository.HomePage.getcategory(HomePage.java:91)
at PageRepository.HomePage.getcategory(HomePage.java:91)
at PageRepository.HomePage.getcategory(HomePage.java:91)
at PageRepository.HomePage.getcategory(HomePage.java:91)
at PageRepository.HomePage.getcategory(HomePage.java:91)
at PageRepository.HomePage.getcategory(HomePage.java:91)
at PageRepository.HomePage.getcategory(HomePage.java:91)
at PageRepository.HomePage.getcategory(HomePage.java:91)
at PageRepository.HomePage.getcategory(HomePage.java:91)
at PageRepository.HomePage.getcategory(HomePage.java:91)
at PageRepository.HomePage.getcategory(HomePage.java:91)
at PageRepository.HomePage.getcategory(HomePage.java:91)
at PageRepository.HomePage.getcategory(HomePage.java:91)
at PageRepository.HomePage.getcategory(HomePage.java:91)
at PageRepository.HomePage.getcategory(HomePage.java:91)
at PageRepository.HomePage.getcategory(HomePage.java:91)
at PageRepository.HomePage.getcategory(HomePage.java:91)
at PageRepository.HomePage.getcategory(HomePage.java:91)
at PageRepository.HomePage.getcategory(HomePage.java:91)
at PageRepository.HomePage.getcategory(HomePage.java:91)
at PageRepository.HomePage.getcategory(HomePage.java:91)
at PageRepository.HomePage.getcategory(HomePage.java:91)
at PageRepository.HomePage.getcategory(HomePage.java:91)
at PageRepository.HomePage.getcategory(HomePage.java:91)
at PageRepository.HomePage.getcategory(HomePage.java:91)
at PageRepository.HomePage.getcategory(HomePage.java:91)
at PageRepository.HomePage.getcategory(HomePage.java:91)
at PageRepository.HomePage.getcategory(HomePage.java:91)
at PageRepository.HomePage.getcategory(HomePage.java:91)
at PageRepository.HomePage.getcategory(HomePage.java:91)
at PageRepository.HomePage.getcategory(HomePage.java:91)
at PageRepository.HomePage.getcategory(HomePage.java:91)
at PageRepository.HomePage.getcategory(HomePage.java:91)
at PageRepository.HomePage.getcategory(HomePage.java:91)
at PageRepository.HomePage.getcategory(HomePage.java:91)
at PageRepository.HomePage.getcategory(HomePage.java:91)
at PageRepository.HomePage.getcategory(HomePage.java:91)
at PageRepository.HomePage.getcategory(HomePage.java:91)
at PageRepository.HomePage.getcategory(HomePage.java:91)
at PageRepository.HomePage.getcategory(HomePage.java:91)
at PageRepository.HomePage.getcategory(HomePage.java:91)
at PageRepository.HomePage.getcategory(HomePage.java:91)
at PageRepository.HomePage.getcategory(HomePage.java:91)
at PageRepository.HomePage.getcategory(HomePage.java:91)
at PageRepository.HomePage.getcategory(HomePage.java:91)
at PageRepository.HomePage.getcategory(HomePage.java:91)
at PageRepository.HomePage.getcategory(HomePage.java:91)
at PageRepository.HomePage.getcategory(HomePage.java:91)
at PageRepository.HomePage.getcategory(HomePage.java:91)
at PageRepository.HomePage.getcategory(HomePage.java:91)
at PageRepository.HomePage.getcategory(HomePage.java:91)
at PageRepository.HomePage.getcategory(HomePage.java:91)
at PageRepository.HomePage.getcategory(HomePage.java:91)
at PageRepository.HomePage.getcategory(HomePage.java:91)
at PageRepository.HomePage.getcategory(HomePage.java:91)
at PageRepository.HomePage.getcategory(HomePage.java:91)
at PageRepository.HomePage.getcategory(HomePage.java:91)
at PageRepository.HomePage.getcategory(HomePage.java:91)
at PageRepository.HomePage.getcategory(HomePage.java:91)
at PageRepository.HomePage.getcategory(HomePage.java:91)
at PageRepository.HomePage.getcategory(HomePage.java:91)
at PageRepository.HomePage.getcategory(HomePage.java:91)
at PageRepository.HomePage.getcategory(HomePage.java:91)
at PageRepository.HomePage.getcategory(HomePage.java:91)
at PageRepository.HomePage.getcategory(HomePage.java:91)
at PageRepository.HomePage.getcategory(HomePage.java:91)
at PageRepository.HomePage.getcategory(HomePage.java:91)
at PageRepository.HomePage.getcategory(HomePage.java:91)
at PageRepository.HomePage.getcategory(HomePage.java:91)
at PageRepository.HomePage.getcategory(HomePage.java:91)
at PageRepository.HomePage.getcategory(HomePage.java:91)
at PageRepository.HomePage.getcategory(HomePage.java:91)
at PageRepository.HomePage.getcategory(HomePage.java:91)
at PageRepository.HomePage.getcategory(HomePage.java:91)
at PageRepository.HomePage.getcategory(HomePage.java:91)
at PageRepository.HomePage.getcategory(HomePage.java:91)
at PageRepository.HomePage.getcategory(HomePage.java:91)
at PageRepository.HomePage.getcategory(HomePage.java:91)
at PageRepository.HomePage.getcategory(HomePage.java:91)
at PageRepository.HomePage.getcategory(HomePage.java:91)
at PageRepository.HomePage.getcategory(HomePage.java:91)
at PageRepository.HomePage.getcategory(HomePage.java:91)
at PageRepository.HomePage.getcategory(HomePage.java:91)
at PageRepository.HomePage.getcategory(HomePage.java:91)
at PageRepository.HomePage.getcategory(HomePage.java:91)
at PageRepository.HomePage.getcategory(HomePage.java:91)
at PageRepository.HomePage.getcategory(HomePage.java:91)
at PageRepository.HomePage.getcategory(HomePage.java:91)
at PageRepository.HomePage.getcategory(HomePage.java:91)
at PageRepository.HomePage.getcategory(HomePage.java:91)
at PageRepository.HomePage.getcategory(HomePage.java:91)
at PageRepository.HomePage.getcategory(HomePage.java:91)
at PageRepository.HomePage.getcategory(HomePage.java:91)
at PageRepository.HomePage.getcategory(HomePage.java:91)
at PageRepository.HomePage.getcategory(HomePage.java:91)
at PageRepository.HomePage.getcategory(HomePage.java:91)
at PageRepository.HomePage.getcategory(HomePage.java:91)
at PageRepository.HomePage.getcategory(HomePage.java:91)
at PageRepository.HomePage.getcategory(HomePage.java:91)
at PageRepository.HomePage.getcategory(HomePage.java:91)
at PageRepository.HomePage.getcategory(HomePage.java:91)
at PageRepository.HomePage.getcategory(HomePage.java:91)
at PageRepository.HomePage.getcategory(HomePage.java:91)
at PageRepository.HomePage.getcategory(HomePage.java:91)
at PageRepository.HomePage.getcategory(HomePage.java:91)
at PageRepository.HomePage.getcategory(HomePage.java:91)
at PageRepository.HomePage.getcategory(HomePage.java:91)
at PageRepository.HomePage.getcategory(HomePage.java:91)
at PageRepository.HomePage.getcategory(HomePage.java:91)
at PageRepository.HomePage.getcategory(HomePage.java:91)
at PageRepository.HomePage.getcategory(HomePage.java:91)
at PageRepository.HomePage.getcategory(HomePage.java:91)
at PageRepository.HomePage.getcategory(HomePage.java:91)
at PageRepository.HomePage.getcategory(HomePage.java:91)
at PageRepository.HomePage.getcategory(HomePage.java:91)
at PageRepository.HomePage.getcategory(HomePage.java:91)
at PageRepository.HomePage.getcategory(HomePage.java:91)
at PageRepository.HomePage.getcategory(HomePage.java:91)
at PageRepository.HomePage.getcategory(HomePage.java:91)
at PageRepository.HomePage.getcategory(HomePage.java:91)
at PageRepository.HomePage.getcategory(HomePage.java:91)
at PageRepository.HomePage.getcategory(HomePage.java:91)
at PageRepository.HomePage.getcategory(HomePage.java:91)
at PageRepository.HomePage.getcategory(HomePage.java:91)
at PageRepository.HomePage.getcategory(HomePage.java:91)
at PageRepository.HomePage.getcategory(HomePage.java:91)
at PageRepository.HomePage.getcategory(HomePage.java:91)
at PageRepository.HomePage.getcategory(HomePage.java:91)
at PageRepository.HomePage.getcategory(HomePage.java:91)
at PageRepository.HomePage.getcategory(HomePage.java:91)
at PageRepository.HomePage.getcategory(HomePage.java:91)
at PageRepository.HomePage.getcategory(HomePage.java:91)
at PageRepository.HomePage.getcategory(HomePage.java:91)
at PageRepository.HomePage.getcategory(HomePage.java:91)
at PageRepository.HomePage.getcategory(HomePage.java:91)
at PageRepository.HomePage.getcategory(HomePage.java:91)
at PageRepository.HomePage.getcategory(HomePage.java:91)
at PageRepository.HomePage.getcategory(HomePage.java:91)
at PageRepository.HomePage.getcategory(HomePage.java:91)
at PageRepository.HomePage.getcategory(HomePage.java:91)
at PageRepository.HomePage.getcategory(HomePage.java:91)
at PageRepository.HomePage.getcategory(HomePage.java:91)
at PageRepository.HomePage.getcategory(HomePage.java:91)
at PageRepository.HomePage.getcategory(HomePage.java:91)
at PageRepository.HomePage.getcategory(HomePage.java:91)
at PageRepository.HomePage.getcategory(HomePage.java:91)
at PageRepository.HomePage.getcategory(HomePage.java:91)
at PageRepository.HomePage.getcategory(HomePage.java:91)
at PageRepository.HomePage.getcategory(HomePage.java:91)
at PageRepository.HomePage.getcategory(HomePage.java:91)
at PageRepository.HomePage.getcategory(HomePage.java:91)
at PageRepository.HomePage.getcategory(HomePage.java:91)
at PageRepository.HomePage.getcategory(HomePage.java:91)
at PageRepository.HomePage.getcategory(HomePage.java:91)
at PageRepository.HomePage.getcategory(HomePage.java:91)
at PageRepository.HomePage.getcategory(HomePage.java:91)
at PageRepository.HomePage.getcategory(HomePage.java:91)
at PageRepository.HomePage.getcategory(HomePage.java:91)
at PageRepository.HomePage.getcategory(HomePage.java:91)
at PageRepository.HomePage.getcategory(HomePage.java:91)
at PageRepository.HomePage.getcategory(HomePage.java:91)
at PageRepository.HomePage.getcategory(HomePage.java:91)
at PageRepository.HomePage.getcategory(HomePage.java:91)
at PageRepository.HomePage.getcategory(HomePage.java:91)
at PageRepository.HomePage.getcategory(HomePage.java:91)
at PageRepository.HomePage.getcategory(HomePage.java:91)
at PageRepository.HomePage.getcategory(HomePage.java:91)
at PageRepository.HomePage.getcategory(HomePage.java:91)
at PageRepository.HomePage.getcategory(HomePage.java:91)
at PageRepository.HomePage.getcategory(HomePage.java:91)
at PageRepository.HomePage.getcategory(HomePage.java:91)
at PageRepository.HomePage.getcategory(HomePage.java:91)
at PageRepository.HomePage.getcategory(HomePage.java:91)
at PageRepository.HomePage.getcategory(HomePage.java:91)
at PageRepository.HomePage.getcategory(HomePage.java:91)
at PageRepository.HomePage.getcategory(HomePage.java:91)
at PageRepository.HomePage.getcategory(HomePage.java:91)
at PageRepository.HomePage.getcategory(HomePage.java:91)
at PageRepository.HomePage.getcategory(HomePage.java:91)
at PageRepository.HomePage.getcategory(HomePage.java:91)
at PageRepository.HomePage.getcategory(HomePage.java:91)
at PageRepository.HomePage.getcategory(HomePage.java:91)
at PageRepository.HomePage.getcategory(HomePage.java:91)
at PageRepository.HomePage.getcategory(HomePage.java:91)
at PageRepository.HomePage.getcategory(HomePage.java:91)
at PageRepository.HomePage.getcategory(HomePage.java:91)
at PageRepository.HomePage.getcategory(HomePage.java:91)
at PageRepository.HomePage.getcategory(HomePage.java:91)
at PageRepository.HomePage.getcategory(HomePage.java:91)
at PageRepository.HomePage.getcategory(HomePage.java:91)
at PageRepository.HomePage.getcategory(HomePage.java:91)
at PageRepository.HomePage.getcategory(HomePage.java:91)
at PageRepository.HomePage.getcategory(HomePage.java:91)
at PageRepository.HomePage.getcategory(HomePage.java:91)
at PageRepository.HomePage.getcategory(HomePage.java:91)
at PageRepository.HomePage.getcategory(HomePage.java:91)
at PageRepository.HomePage.getcategory(HomePage.java:91)
at PageRepository.HomePage.getcategory(HomePage.java:91)
at PageRepository.HomePage.getcategory(HomePage.java:91)
at PageRepository.HomePage.getcategory(HomePage.java:91)
at PageRepository.HomePage.getcategory(HomePage.java:91)
at PageRepository.HomePage.getcategory(HomePage.java:91)
at PageRepository.HomePage.getcategory(HomePage.java:91)
at PageRepository.HomePage.getcategory(HomePage.java:91)
at PageRepository.HomePage.getcategory(HomePage.java:91)
at PageRepository.HomePage.getcategory(HomePage.java:91)
at PageRepository.HomePage.getcategory(HomePage.java:91)
at PageRepository.HomePage.getcategory(HomePage.java:91)
at PageRepository.HomePage.getcategory(HomePage.java:91)
at PageRepository.HomePage.getcategory(HomePage.java:91)
at PageRepository.HomePage.getcategory(HomePage.java:91)
at PageRepository.HomePage.getcategory(HomePage.java:91)
at PageRepository.HomePage.getcategory(HomePage.java:91)
at PageRepository.HomePage.getcategory(HomePage.java:91)
at PageRepository.HomePage.getcategory(HomePage.java:91)
at PageRepository.HomePage.getcategory(HomePage.java:91)
at PageRepository.HomePage.getcategory(HomePage.java:91)
at PageRepository.HomePage.getcategory(HomePage.java:91)
at PageRepository.HomePage.getcategory(HomePage.java:91)
at PageRepository.HomePage.getcategory(HomePage.java:91)
at PageRepository.HomePage.getcategory(HomePage.java:91)
at PageRepository.HomePage.getcategory(HomePage.java:91)
at PageRepository.HomePage.getcategory(HomePage.java:91)
at PageRepository.HomePage.getcategory(HomePage.java:91)
at PageRepository.HomePage.getcategory(HomePage.java:91)
at PageRepository.HomePage.getcategory(HomePage.java:91)
at PageRepository.HomePage.getcategory(HomePage.java:91)
at PageRepository.HomePage.getcategory(HomePage.java:91)
at PageRepository.HomePage.getcategory(HomePage.java:91)
at PageRepository.HomePage.getcategory(HomePage.java:91)
at PageRepository.HomePage.getcategory(HomePage.java:91)
at PageRepository.HomePage.getcategory(HomePage.java:91)
at PageRepository.HomePage.getcategory(HomePage.java:91)
at PageRepository.HomePage.getcategory(HomePage.java:91)
at PageRepository.HomePage.getcategory(HomePage.java:91)
at PageRepository.HomePage.getcategory(HomePage.java:91)
at PageRepository.HomePage.getcategory(HomePage.java:91)
at PageRepository.HomePage.getcategory(HomePage.java:91)
at PageRepository.HomePage.getcategory(HomePage.java:91)
at PageRepository.HomePage.getcategory(HomePage.java:91)
at PageRepository.HomePage.getcategory(HomePage.java:91)
at PageRepository.HomePage.getcategory(HomePage.java:91)
at PageRepository.HomePage.getcategory(HomePage.java:91)
at PageRepository.HomePage.getcategory(HomePage.java:91)
at PageRepository.HomePage.getcategory(HomePage.java:91)
at PageRepository.HomePage.getcategory(HomePage.java:91)
at PageRepository.HomePage.getcategory(HomePage.java:91)
at PageRepository.HomePage.getcategory(HomePage.java:91)
at PageRepository.HomePage.getcategory(HomePage.java:91)
at PageRepository.HomePage.getcategory(HomePage.java:91)
at PageRepository.HomePage.getcategory(HomePage.java:91)
at PageRepository.HomePage.getcategory(HomePage.java:91)
at PageRepository.HomePage.getcategory(HomePage.java:91)
at PageRepository.HomePage.getcategory(HomePage.java:91)
at PageRepository.HomePage.getcategory(HomePage.java:91)
at PageRepository.HomePage.getcategory(HomePage.java:91)
at PageRepository.HomePage.getcategory(HomePage.java:91)
at PageRepository.HomePage.getcategory(HomePage.java:91)
at PageRepository.HomePage.getcategory(HomePage.java:91)
at PageRepository.HomePage.getcategory(HomePage.java:91)
at PageRepository.HomePage.getcategory(HomePage.java:91)
at PageRepository.HomePage.getcategory(HomePage.java:91)
at PageRepository.HomePage.getcategory(HomePage.java:91)
at PageRepository.HomePage.getcategory(HomePage.java:91)
at PageRepository.HomePage.getcategory(HomePage.java:91)
at PageRepository.HomePage.getcategory(HomePage.java:91)
at PageRepository.HomePage.getcategory(HomePage.java:91)
at PageRepository.HomePage.getcategory(HomePage.java:91)
at PageRepository.HomePage.getcategory(HomePage.java:91)
at PageRepository.HomePage.getcategory(HomePage.java:91)
at PageRepository.HomePage.getcategory(HomePage.java:91)
at PageRepository.HomePage.getcategory(HomePage.java:91)
at PageRepository.HomePage.getcategory(HomePage.java:91)
at PageRepository.HomePage.getcategory(HomePage.java:91)
at PageRepository.HomePage.getcategory(HomePage.java:91)
at PageRepository.HomePage.getcategory(HomePage.java:91)
at PageRepository.HomePage.getcategory(HomePage.java:91)
at PageRepository.HomePage.getcategory(HomePage.java:91)
at PageRepository.HomePage.getcategory(HomePage.java:91)
at PageRepository.HomePage.getcategory(HomePage.java:91)
at PageRepository.HomePage.getcategory(HomePage.java:91)
at PageRepository.HomePage.getcategory(HomePage.java:91)
at PageRepository.HomePage.getcategory(HomePage.java:91)
at PageRepository.HomePage.getcategory(HomePage.java:91)
at PageRepository.HomePage.getcategory(HomePage.java:91)
at PageRepository.HomePage.getcategory(HomePage.java:91)
at PageRepository.HomePage.getcategory(HomePage.java:91)
at PageRepository.HomePage.getcategory(HomePage.java:91)
at PageRepository.HomePage.getcategory(HomePage.java:91)
at PageRepository.HomePage.getcategory(HomePage.java:91)
at PageRepository.HomePage.getcategory(HomePage.java:91)
at PageRepository.HomePage.getcategory(HomePage.java:91)
at PageRepository.HomePage.getcategory(HomePage.java:91)
at PageRepository.HomePage.getcategory(HomePage.java:91)
at PageRepository.HomePage.getcategory(HomePage.java:91)
at PageRepository.HomePage.getcategory(HomePage.java:91)
at PageRepository.HomePage.getcategory(HomePage.java:91)
at PageRepository.HomePage.getcategory(HomePage.java:91)
at PageRepository.HomePage.getcategory(HomePage.java:91)
at PageRepository.HomePage.getcategory(HomePage.java:91)
at PageRepository.HomePage.getcategory(HomePage.java:91)
at PageRepository.HomePage.getcategory(HomePage.java:91)
at PageRepository.HomePage.getcategory(HomePage.java:91)
at PageRepository.HomePage.getcategory(HomePage.java:91)
at PageRepository.HomePage.getcategory(HomePage.java:91)
at PageRepository.HomePage.getcategory(HomePage.java:91)
at PageRepository.HomePage.getcategory(HomePage.java:91)
at PageRepository.HomePage.getcategory(HomePage.java:91)
at PageRepository.HomePage.getcategory(HomePage.java:91)
at PageRepository.HomePage.getcategory(HomePage.java:91)
at PageRepository.HomePage.getcategory(HomePage.java:91)
at PageRepository.HomePage.getcategory(HomePage.java:91)
at PageRepository.HomePage.getcategory(HomePage.java:91)
at PageRepository.HomePage.getcategory(HomePage.java:91)
at PageRepository.HomePage.getcategory(HomePage.java:91)
at PageRepository.HomePage.getcategory(HomePage.java:91)
at PageRepository.HomePage.getcategory(HomePage.java:91)
at PageRepository.HomePage.getcategory(HomePage.java:91)
at PageRepository.HomePage.getcategory(HomePage.java:91)
at PageRepository.HomePage.getcategory(HomePage.java:91)
at PageRepository.HomePage.getcategory(HomePage.java:91)
at PageRepository.HomePage.getcategory(HomePage.java:91)
at PageRepository.HomePage.getcategory(HomePage.java:91)
at PageRepository.HomePage.getcategory(HomePage.java:91)
at PageRepository.HomePage.getcategory(HomePage.java:91)
at PageRepository.HomePage.getcategory(HomePage.java:91)
at PageRepository.HomePage.getcategory(HomePage.java:91)
at PageRepository.HomePage.getcategory(HomePage.java:91)
at PageRepository.HomePage.getcategory(HomePage.java:91)
at PageRepository.HomePage.getcategory(HomePage.java:91)
at PageRepository.HomePage.getcategory(HomePage.java:91)
at PageRepository.HomePage.getcategory(HomePage.java:91)
at PageRepository.HomePage.getcategory(HomePage.java:91)
at PageRepository.HomePage.getcategory(HomePage.java:91)
at PageRepository.HomePage.getcategory(HomePage.java:91)
at PageRepository.HomePage.getcategory(HomePage.java:91)
at PageRepository.HomePage.getcategory(HomePage.java:91)
at PageRepository.HomePage.getcategory(HomePage.java:91)
at PageRepository.HomePage.getcategory(HomePage.java:91)
at PageRepository.HomePage.getcategory(HomePage.java:91)
at PageRepository.HomePage.getcategory(HomePage.java:91)
at PageRepository.HomePage.getcategory(HomePage.java:91)
at PageRepository.HomePage.getcategory(HomePage.java:91)
at PageRepository.HomePage.getcategory(HomePage.java:91)
at PageRepository.HomePage.getcategory(HomePage.java:91)
at PageRepository.HomePage.getcategory(HomePage.java:91)
at PageRepository.HomePage.getcategory(HomePage.java:91)
at PageRepository.HomePage.getcategory(HomePage.java:91)
at PageRepository.HomePage.getcategory(HomePage.java:91)
at PageRepository.HomePage.getcategory(HomePage.java:91)
at PageRepository.HomePage.getcategory(HomePage.java:91)
at PageRepository.HomePage.getcategory(HomePage.java:91)
at PageRepository.HomePage.getcategory(HomePage.java:91)
at PageRepository.HomePage.getcategory(HomePage.java:91)
at PageRepository.HomePage.getcategory(HomePage.java:91)
at PageRepository.HomePage.getcategory(HomePage.java:91)
at PageRepository.HomePage.getcategory(HomePage.java:91)
at PageRepository.HomePage.getcategory(HomePage.java:91)
at PageRepository.HomePage.getcategory(HomePage.java:91)
at PageRepository.HomePage.getcategory(HomePage.java:91)
at PageRepository.HomePage.getcategory(HomePage.java:91)
at PageRepository.HomePage.getcategory(HomePage.java:91)
at PageRepository.HomePage.getcategory(HomePage.java:91)
at PageRepository.HomePage.getcategory(HomePage.java:91)
at PageRepository.HomePage.getcategory(HomePage.java:91)
at PageRepository.HomePage.getcategory(HomePage.java:91)
at PageRepository.HomePage.getcategory(HomePage.java:91)
at PageRepository.HomePage.getcategory(HomePage.java:91)
at PageRepository.HomePage.getcategory(HomePage.java:91)
at PageRepository.HomePage.getcategory(HomePage.java:91)
at PageRepository.HomePage.getcategory(HomePage.java:91)
at PageRepository.HomePage.getcategory(HomePage.java:91)
at PageRepository.HomePage.getcategory(HomePage.java:91)
at PageRepository.HomePage.getcategory(HomePage.java:91)
at PageRepository.HomePage.getcategory(HomePage.java:91)
at PageRepository.HomePage.getcategory(HomePage.java:91)
at PageRepository.HomePage.getcategory(HomePage.java:91)
at PageRepository.HomePage.getcategory(HomePage.java:91)
at PageRepository.HomePage.getcategory(HomePage.java:91)
at PageRepository.HomePage.getcategory(HomePage.java:91)
at PageRepository.HomePage.getcategory(HomePage.java:91)
at PageRepository.HomePage.getcategory(HomePage.java:91)
at PageRepository.HomePage.getcategory(HomePage.java:91)
at PageRepository.HomePage.getcategory(HomePage.java:91)
at PageRepository.HomePage.getcategory(HomePage.java:91)
at PageRepository.HomePage.getcategory(HomePage.java:91)
at PageRepository.HomePage.getcategory(HomePage.java:91)
at PageRepository.HomePage.getcategory(HomePage.java:91)
at PageRepository.HomePage.getcategory(HomePage.java:91)
at PageRepository.HomePage.getcategory(HomePage.java:91)
at PageRepository.HomePage.getcategory(HomePage.java:91)
at PageRepository.HomePage.getcategory(HomePage.java:91)
at PageRepository.HomePage.getcategory(HomePage.java:91)
at PageRepository.HomePage.getcategory(HomePage.java:91)
at PageRepository.HomePage.getcategory(HomePage.java:91)
at PageRepository.HomePage.getcategory(HomePage.java:91)
at PageRepository.HomePage.getcategory(HomePage.java:91)
at PageRepository.HomePage.getcategory(HomePage.java:91)
at PageRepository.HomePage.getcategory(HomePage.java:91)
at PageRepository.HomePage.getcategory(HomePage.java:91)
at PageRepository.HomePage.getcategory(HomePage.java:91)
at PageRepository.HomePage.getcategory(HomePage.java:91)
at PageRepository.HomePage.getcategory(HomePage.java:91)
at PageRepository.HomePage.getcategory(HomePage.java:91)
at PageRepository.HomePage.getcategory(HomePage.java:91)
at PageRepository.HomePage.getcategory(HomePage.java:91)
at PageRepository.HomePage.getcategory(HomePage.java:91)
at PageRepository.HomePage.getcategory(HomePage.java:91)
at PageRepository.HomePage.getcategory(HomePage.java:91)
at PageRepository.HomePage.getcategory(HomePage.java:91)
at PageRepository.HomePage.getcategory(HomePage.java:91)
at PageRepository.HomePage.getcategory(HomePage.java:91)
at PageRepository.HomePage.getcategory(HomePage.java:91)
at PageRepository.HomePage.getcategory(HomePage.java:91)
at PageRepository.HomePage.getcategory(HomePage.java:91)
at PageRepository.HomePage.getcategory(HomePage.java:91)
at PageRepository.HomePage.getcategory(HomePage.java:91)
at PageRepository.HomePage.getcategory(HomePage.java:91)
at PageRepository.HomePage.getcategory(HomePage.java:91)
at PageRepository.HomePage.getcategory(HomePage.java:91)
at PageRepository.HomePage.getcategory(HomePage.java:91)
at PageRepository.HomePage.getcategory(HomePage.java:91)
at PageRepository.HomePage.getcategory(HomePage.java:91)
at PageRepository.HomePage.getcategory(HomePage.java:91)
at PageRepository.HomePage.getcategory(HomePage.java:91)
at PageRepository.HomePage.getcategory(HomePage.java:91)
at PageRepository.HomePage.getcategory(HomePage.java:91)
at PageRepository.HomePage.getcategory(HomePage.java:91)
at PageRepository.HomePage.getcategory(HomePage.java:91)
at PageRepository.HomePage.getcategory(HomePage.java:91)
at PageRepository.HomePage.getcategory(HomePage.java:91)
at PageRepository.HomePage.getcategory(HomePage.java:91)
at PageRepository.HomePage.getcategory(HomePage.java:91)
at PageRepository.HomePage.getcategory(HomePage.java:91)
at PageRepository.HomePage.getcategory(HomePage.java:91)
at PageRepository.HomePage.getcategory(HomePage.java:91)
at PageRepository.HomePage.getcategory(HomePage.java:91)
at PageRepository.HomePage.getcategory(HomePage.java:91)
at PageRepository.HomePage.getcategory(HomePage.java:91)
at PageRepository.HomePage.getcategory(HomePage.java:91)
at PageRepository.HomePage.getcategory(HomePage.java:91)
at PageRepository.HomePage.getcategory(HomePage.java:91)
at PageRepository.HomePage.getcategory(HomePage.java:91)
at PageRepository.HomePage.getcategory(HomePage.java:91)
at PageRepository.HomePage.getcategory(HomePage.java:91)
at PageRepository.HomePage.getcategory(HomePage.java:91)
at PageRepository.HomePage.getcategory(HomePage.java:91)
at PageRepository.HomePage.getcategory(HomePage.java:91)
at PageRepository.HomePage.getcategory(HomePage.java:91)
at PageRepository.HomePage.getcategory(HomePage.java:91)
at PageRepository.HomePage.getcategory(HomePage.java:91)
at PageRepository.HomePage.getcategory(HomePage.java:91)
at PageRepository.HomePage.getcategory(HomePage.java:91)
at PageRepository.HomePage.getcategory(HomePage.java:91)
at PageRepository.HomePage.getcategory(HomePage.java:91)
at PageRepository.HomePage.getcategory(HomePage.java:91)
at PageRepository.HomePage.getcategory(HomePage.java:91)
at PageRepository.HomePage.getcategory(HomePage.java:91)
at PageRepository.HomePage.getcategory(HomePage.java:91)
at PageRepository.HomePage.getcategory(HomePage.java:91)
at PageRepository.HomePage.getcategory(HomePage.java:91)
at PageRepository.HomePage.getcategory(HomePage.java:91)
at PageRepository.HomePage.getcategory(HomePage.java:91)
at PageRepository.HomePage.getcategory(HomePage.java:91)
at PageRepository.HomePage.getcategory(HomePage.java:91)
at PageRepository.HomePage.getcategory(HomePage.java:91)
at PageRepository.HomePage.getcategory(HomePage.java:91)
at PageRepository.HomePage.getcategory(HomePage.java:91)
at PageRepository.HomePage.getcategory(HomePage.java:91)
at PageRepository.HomePage.getcategory(HomePage.java:91)
at PageRepository.HomePage.getcategory(HomePage.java:91)
at PageRepository.HomePage.getcategory(HomePage.java:91)
at PageRepository.HomePage.getcategory(HomePage.java:91)
at PageRepository.HomePage.getcategory(HomePage.java:91)
at PageRepository.HomePage.getcategory(HomePage.java:91)
at PageRepository.HomePage.getcategory(HomePage.java:91)
at PageRepository.HomePage.getcategory(HomePage.java:91)
at PageRepository.HomePage.getcategory(HomePage.java:91)
at PageRepository.HomePage.getcategory(HomePage.java:91)
at PageRepository.HomePage.getcategory(HomePage.java:91)
at PageRepository.HomePage.getcategory(HomePage.java:91)
at PageRepository.HomePage.getcategory(HomePage.java:91)
at PageRepository.HomePage.getcategory(HomePage.java:91)
at PageRepository.HomePage.getcategory(HomePage.java:91)
at PageRepository.HomePage.getcategory(HomePage.java:91)
at PageRepository.HomePage.getcategory(HomePage.java:91)
at PageRepository.HomePage.getcategory(HomePage.java:91)
at PageRepository.HomePage.getcategory(HomePage.java:91)
at PageRepository.HomePage.getcategory(HomePage.java:91)
at PageRepository.HomePage.getcategory(HomePage.java:91)
at PageRepository.HomePage.getcategory(HomePage.java:91)
at PageRepository.HomePage.getcategory(HomePage.java:91)
at PageRepository.HomePage.getcategory(HomePage.java:91)
at PageRepository.HomePage.getcategory(HomePage.java:91)
at PageRepository.HomePage.getcategory(HomePage.java:91)
at PageRepository.HomePage.getcategory(HomePage.java:91)
at PageRepository.HomePage.getcategory(HomePage.java:91)
at PageRepository.HomePage.getcategory(HomePage.java:91)
at PageRepository.HomePage.getcategory(HomePage.java:91)
at PageRepository.HomePage.getcategory(HomePage.java:91)
at PageRepository.HomePage.getcategory(HomePage.java:91)
at PageRepository.HomePage.getcategory(HomePage.java:91)
at PageRepository.HomePage.getcategory(HomePage.java:91)
at PageRepository.HomePage.getcategory(HomePage.java:91)
at PageRepository.HomePage.getcategory(HomePage.java:91)
at PageRepository.HomePage.getcategory(HomePage.java:91)
at PageRepository.HomePage.getcategory(HomePage.java:91)
at PageRepository.HomePage.getcategory(HomePage.java:91)
at PageRepository.HomePage.getcategory(HomePage.java:91)
at PageRepository.HomePage.getcategory(HomePage.java:91)
at PageRepository.HomePage.getcategory(HomePage.java:91)
at PageRepository.HomePage.getcategory(HomePage.java:91)
at PageRepository.HomePage.getcategory(HomePage.java:91)
at PageRepository.HomePage.getcategory(HomePage.java:91)
at PageRepository.HomePage.getcategory(HomePage.java:91)
at PageRepository.HomePage.getcategory(HomePage.java:91)
at PageRepository.HomePage.getcategory(HomePage.java:91)
at PageRepository.HomePage.getcategory(HomePage.java:91)
at PageRepository.HomePage.getcategory(HomePage.java:91)
at PageRepository.HomePage.getcategory(HomePage.java:91)
at PageRepository.HomePage.getcategory(HomePage.java:91)
at PageRepository.HomePage.getcategory(HomePage.java:91)
at PageRepository.HomePage.getcategory(HomePage.java:91)
at PageRepository.HomePage.getcategory(HomePage.java:91)
at PageRepository.HomePage.getcategory(HomePage.java:91)
at PageRepository.HomePage.getcategory(HomePage.java:91)
at PageRepository.HomePage.getcategory(HomePage.java:91)
at PageRepository.HomePage.getcategory(HomePage.java:91)
at PageRepository.HomePage.getcategory(HomePage.java:91)
at PageRepository.HomePage.getcategory(HomePage.java:91)
at PageRepository.HomePage.getcategory(HomePage.java:91)
at PageRepository.HomePage.getcategory(HomePage.java:91)
at PageRepository.HomePage.getcategory(HomePage.java:91)
at PageRepository.HomePage.getcategory(HomePage.java:91)
at PageRepository.HomePage.getcategory(HomePage.java:91)
at PageRepository.HomePage.getcategory(HomePage.java:91)
at PageRepository.HomePage.getcategory(HomePage.java:91)
at PageRepository.HomePage.getcategory(HomePage.java:91)
at PageRepository.HomePage.getcategory(HomePage.java:91)
at PageRepository.HomePage.getcategory(HomePage.java:91)
at PageRepository.HomePage.getcategory(HomePage.java:91)
at PageRepository.HomePage.getcategory(HomePage.java:91)
at PageRepository.HomePage.getcategory(HomePage.java:91)
at PageRepository.HomePage.getcategory(HomePage.java:91)
at PageRepository.HomePage.getcategory(HomePage.java:91)
at PageRepository.HomePage.getcategory(HomePage.java:91)
at PageRepository.HomePage.getcategory(HomePage.java:91)
at PageRepository.HomePage.getcategory(HomePage.java:91)
at PageRepository.HomePage.getcategory(HomePage.java:91)
at PageRepository.HomePage.getcategory(HomePage.java:91)
at PageRepository.HomePage.getcategory(HomePage.java:91)
at PageRepository.HomePage.getcategory(HomePage.java:91)
at PageRepository.HomePage.getcategory(HomePage.java:91)
at PageRepository.HomePage.getcategory(HomePage.java:91)
at PageRepository.HomePage.getcategory(HomePage.java:91)
at PageRepository.HomePage.getcategory(HomePage.java:91)
at PageRepository.HomePage.getcategory(HomePage.java:91)
at PageRepository.HomePage.getcategory(HomePage.java:91)
at PageRepository.HomePage.getcategory(HomePage.java:91)
at PageRepository.HomePage.getcategory(HomePage.java:91)
at PageRepository.HomePage.getcategory(HomePage.java:91)
at PageRepository.HomePage.getcategory(HomePage.java:91)
at PageRepository.HomePage.getcategory(HomePage.java:91)
at PageRepository.HomePage.getcategory(HomePage.java:91)
at PageRepository.HomePage.getcategory(HomePage.java:91)
at PageRepository.HomePage.getcategory(HomePage.java:91)
at PageRepository.HomePage.getcategory(HomePage.java:91)
at PageRepository.HomePage.getcategory(HomePage.java:91)
at PageRepository.HomePage.getcategory(HomePage.java:91)
at PageRepository.HomePage.getcategory(HomePage.java:91)
at PageRepository.HomePage.getcategory(HomePage.java:91)
at PageRepository.HomePage.getcategory(HomePage.java:91)
at PageRepository.HomePage.getcategory(HomePage.java:91)
at PageRepository.HomePage.getcategory(HomePage.java:91)
at PageRepository.HomePage.getcategory(HomePage.java:91)
at PageRepository.HomePage.getcategory(HomePage.java:91)
at PageRepository.HomePage.getcategory(HomePage.java:91)
at PageRepository.HomePage.getcategory(HomePage.java:91)
at PageRepository.HomePage.getcategory(HomePage.java:91)
at PageRepository.HomePage.getcategory(HomePage.java:91)
at PageRepository.HomePage.getcategory(HomePage.java:91)
at PageRepository.HomePage.getcategory(HomePage.java:91)
at PageRepository.HomePage.getcategory(HomePage.java:91)
at PageRepository.HomePage.getcategory(HomePage.java:91)
at PageRepository.HomePage.getcategory(HomePage.java:91)
at PageRepository.HomePage.getcategory(HomePage.java:91)
at PageRepository.HomePage.getcategory(HomePage.java:91)
at PageRepository.HomePage.getcategory(HomePage.java:91)
at PageRepository.HomePage.getcategory(HomePage.java:91)
at PageRepository.HomePage.getcategory(HomePage.java:91)
at PageRepository.HomePage.getcategory(HomePage.java:91)
at PageRepository.HomePage.getcategory(HomePage.java:91)
at PageRepository.HomePage.getcategory(HomePage.java:91)
at PageRepository.HomePage.getcategory(HomePage.java:91)
at PageRepository.HomePage.getcategory(HomePage.java:91)
at PageRepository.HomePage.getcategory(HomePage.java:91)
at PageRepository.HomePage.getcategory(HomePage.java:91)
at PageRepository.HomePage.getcategory(HomePage.java:91)
at PageRepository.HomePage.getcategory(HomePage.java:91)
at PageRepository.HomePage.getcategory(HomePage.java:91)
at PageRepository.HomePage.getcategory(HomePage.java:91)
at PageRepository.HomePage.getcategory(HomePage.java:91)
at PageRepository.HomePage.getcategory(HomePage.java:91)
at PageRepository.HomePage.getcategory(HomePage.java:91)
at PageRepository.HomePage.getcategory(HomePage.java:91)
at PageRepository.HomePage.getcategory(HomePage.java:91)
at PageRepository.HomePage.getcategory(HomePage.java:91)
at PageRepository.HomePage.getcategory(HomePage.java:91)
at PageRepository.HomePage.getcategory(HomePage.java:91)
at PageRepository.HomePage.getcategory(HomePage.java:91)
at PageRepository.HomePage.getcategory(HomePage.java:91)
at PageRepository.HomePage.getcategory(HomePage.java:91)
at PageRepository.HomePage.getcategory(HomePage.java:91)
at PageRepository.HomePage.getcategory(HomePage.java:91)
at PageRepository.HomePage.getcategory(HomePage.java:91)
at PageRepository.HomePage.getcategory(HomePage.java:91)
at PageRepository.HomePage.getcategory(HomePage.java:91)
at PageRepository.HomePage.getcategory(HomePage.java:91)
at PageRepository.HomePage.getcategory(HomePage.java:91)
at PageRepository.HomePage.getcategory(HomePage.java:91)
at PageRepository.HomePage.getcategory(HomePage.java:91)
at PageRepository.HomePage.getcategory(HomePage.java:91)
at PageRepository.HomePage.getcategory(HomePage.java:91)
at PageRepository.HomePage.getcategory(HomePage.java:91)
at PageRepository.HomePage.getcategory(HomePage.java:91)
at PageRepository.HomePage.getcategory(HomePage.java:91)
at PageRepository.HomePage.getcategory(HomePage.java:91)
at PageRepository.HomePage.getcategory(HomePage.java:91)
at PageRepository.HomePage.getcategory(HomePage.java:91)
at PageRepository.HomePage.getcategory(HomePage.java:91)
at PageRepository.HomePage.getcategory(HomePage.java:91)
at PageRepository.HomePage.getcategory(HomePage.java:91)
at PageRepository.HomePage.getcategory(HomePage.java:91)
at PageRepository.HomePage.getcategory(HomePage.java:91)
at PageRepository.HomePage.getcategory(HomePage.java:91)
at PageRepository.HomePage.getcategory(HomePage.java:91)
at PageRepository.HomePage.getcategory(HomePage.java:91)
at PageRepository.HomePage.getcategory(HomePage.java:91)
at PageRepository.HomePage.getcategory(HomePage.java:91)
at PageRepository.HomePage.getcategory(HomePage.java:91)
at PageRepository.HomePage.getcategory(HomePage.java:91)
at PageRepository.HomePage.getcategory(HomePage.java:91)
at PageRepository.HomePage.getcategory(HomePage.java:91)
at PageRepository.HomePage.getcategory(HomePage.java:91)
at PageRepository.HomePage.getcategory(HomePage.java:91)
at PageRepository.HomePage.getcategory(HomePage.java:91)
at PageRepository.HomePage.getcategory(HomePage.java:91)
at PageRepository.HomePage.getcategory(HomePage.java:91)
at PageRepository.HomePage.getcategory(HomePage.java:91)
at PageRepository.HomePage.getcategory(HomePage.java:91)
at PageRepository.HomePage.getcategory(HomePage.java:91)
at PageRepository.HomePage.getcategory(HomePage.java:91)
at PageRepository.HomePage.getcategory(HomePage.java:91)
at PageRepository.HomePage.getcategory(HomePage.java:91)
at PageRepository.HomePage.getcategory(HomePage.java:91)
at PageRepository.HomePage.getcategory(HomePage.java:91)
at PageRepository.HomePage.getcategory(HomePage.java:91)
at PageRepository.HomePage.getcategory(HomePage.java:91)
at PageRepository.HomePage.getcategory(HomePage.java:91)
at PageRepository.HomePage.getcategory(HomePage.java:91)
at PageRepository.HomePage.getcategory(HomePage.java:91)
at PageRepository.HomePage.getcategory(HomePage.java:91)
at PageRepository.HomePage.getcategory(HomePage.java:91)
at PageRepository.HomePage.getcategory(HomePage.java:91)
at PageRepository.HomePage.getcategory(HomePage.java:91)
at PageRepository.HomePage.getcategory(HomePage.java:91)
at PageRepository.HomePage.getcategory(HomePage.java:91)
at PageRepository.HomePage.getcategory(HomePage.java:91)
at PageRepository.HomePage.getcategory(HomePage.java:91)
at PageRepository.HomePage.getcategory(HomePage.java:91)
at PageRepository.HomePage.getcategory(HomePage.java:91)
at PageRepository.HomePage.getcategory(HomePage.java:91)
at PageRepository.HomePage.getcategory(HomePage.java:91)
at PageRepository.HomePage.getcategory(HomePage.java:91)
at PageRepository.HomePage.getcategory(HomePage.java:91)
at PageRepository.HomePage.getcategory(HomePage.java:91)
at PageRepository.HomePage.getcategory(HomePage.java:91)
at PageRepository.HomePage.getcategory(HomePage.java:91)
at PageRepository.HomePage.getcategory(HomePage.java:91)
at PageRepository.HomePage.getcategory(HomePage.java:91)
at PageRepository.HomePage.getcategory(HomePage.java:91)
at PageRepository.HomePage.getcategory(HomePage.java:91)
at PageRepository.HomePage.getcategory(HomePage.java:91)
at PageRepository.HomePage.getcategory(HomePage.java:91)
at PageRepository.HomePage.getcategory(HomePage.java:91)
at PageRepository.HomePage.getcategory(HomePage.java:91)
at PageRepository.HomePage.getcategory(HomePage.java:91)
at PageRepository.HomePage.getcategory(HomePage.java:91)
at PageRepository.HomePage.getcategory(HomePage.java:91)
at PageRepository.HomePage.getcategory(HomePage.java:91)
at PageRepository.HomePage.getcategory(HomePage.java:91)
at PageRepository.HomePage.getcategory(HomePage.java:91)
at PageRepository.HomePage.getcategory(HomePage.java:91)
at PageRepository.HomePage.getcategory(HomePage.java:91)
at PageRepository.HomePage.getcategory(HomePage.java:91)
at PageRepository.HomePage.getcategory(HomePage.java:91)
at PageRepository.HomePage.getcategory(HomePage.java:91)
at PageRepository.HomePage.getcategory(HomePage.java:91)
at PageRepository.HomePage.getcategory(HomePage.java:91)
at PageRepository.HomePage.getcategory(HomePage.java:91)
at PageRepository.HomePage.getcategory(HomePage.java:91)
at PageRepository.HomePage.getcategory(HomePage.java:91)
at PageRepository.HomePage.getcategory(HomePage.java:91)
at PageRepository.HomePage.getcategory(HomePage.java:91)
at PageRepository.HomePage.getcategory(HomePage.java:91)
at PageRepository.HomePage.getcategory(HomePage.java:91)
at PageRepository.HomePage.getcategory(HomePage.java:91)
at PageRepository.HomePage.getcategory(HomePage.java:91)
at PageRepository.HomePage.getcategory(HomePage.java:91)
at PageRepository.HomePage.getcategory(HomePage.java:91)
at PageRepository.HomePage.getcategory(HomePage.java:91)
at PageRepository.HomePage.getcategory(HomePage.java:91)
at PageRepository.HomePage.getcategory(HomePage.java:91)
at PageRepository.HomePage.getcategory(HomePage.java:91)
at PageRepository.HomePage.getcategory(HomePage.java:91)
at PageRepository.HomePage.getcategory(HomePage.java:91)
at PageRepository.HomePage.getcategory(HomePage.java:91)
at PageRepository.HomePage.getcategory(HomePage.java:91)
at PageRepository.HomePage.getcategory(HomePage.java:91)
at PageRepository.HomePage.getcategory(HomePage.java:91)
at PageRepository.HomePage.getcategory(HomePage.java:91)
at PageRepository.HomePage.getcategory(HomePage.java:91)
at PageRepository.HomePage.getcategory(HomePage.java:91)
at PageRepository.HomePage.getcategory(HomePage.java:91)
at PageRepository.HomePage.getcategory(HomePage.java:91)
at PageRepository.HomePage.getcategory(HomePage.java:91)
at PageRepository.HomePage.getcategory(HomePage.java:91)
at PageRepository.HomePage.getcategory(HomePage.java:91)
at PageRepository.HomePage.getcategory(HomePage.java:91)
at PageRepository.HomePage.getcategory(HomePage.java:91)
at PageRepository.HomePage.getcategory(HomePage.java:91)
at PageRepository.HomePage.getcategory(HomePage.java:91)
at PageRepository.HomePage.getcategory(HomePage.java:91)
at PageRepository.HomePage.getcategory(HomePage.java:91)
at PageRepository.HomePage.getcategory(HomePage.java:91)
at PageRepository.HomePage.getcategory(HomePage.java:91)
at PageRepository.HomePage.getcategory(HomePage.java:91)
at PageRepository.HomePage.getcategory(HomePage.java:91)
at PageRepository.HomePage.getcategory(HomePage.java:91)
at PageRepository.HomePage.getcategory(HomePage.java:91)
at PageRepository.HomePage.getcategory(HomePage.java:91)
at PageRepository.HomePage.getcategory(HomePage.java:91)
at PageRepository.HomePage.getcategory(HomePage.java:91)
at PageRepository.HomePage.getcategory(HomePage.java:91)
at PageRepository.HomePage.getcategory(HomePage.java:91)
at PageRepository.HomePage.getcategory(HomePage.java:91)
at PageRepository.HomePage.getcategory(HomePage.java:91)
at PageRepository.HomePage.getcategory(HomePage.java:91)
at PageRepository.HomePage.getcategory(HomePage.java:91)
at PageRepository.HomePage.getcategory(HomePage.java:91)
at PageRepository.HomePage.getcategory(HomePage.java:91)
at PageRepository.HomePage.getcategory(HomePage.java:91)
at PageRepository.HomePage.getcategory(HomePage.java:91)
at PageRepository.HomePage.getcategory(HomePage.java:91)
at PageRepository.HomePage.getcategory(HomePage.java:91)
at PageRepository.HomePage.getcategory(HomePage.java:91)
at PageRepository.HomePage.getcategory(HomePage.java:91)
at PageRepository.HomePage.getcategory(HomePage.java:91)
at PageRepository.HomePage.getcategory(HomePage.java:91)
at PageRepository.HomePage.getcategory(HomePage.java:91)
at PageRepository.HomePage.getcategory(HomePage.java:91)
at PageRepository.HomePage.getcategory(HomePage.java:91)
at PageRepository.HomePage.getcategory(HomePage.java:91)
at PageRepository.HomePage.getcategory(HomePage.java:91)
at PageRepository.HomePage.getcategory(HomePage.java:91)
at PageRepository.HomePage.getcategory(HomePage.java:91)
at PageRepository.HomePage.getcategory(HomePage.java:91)
at PageRepository.HomePage.getcategory(HomePage.java:91)
at PageRepository.HomePage.getcategory(HomePage.java:91)
at PageRepository.HomePage.getcategory(HomePage.java:91)
at PageRepository.HomePage.getcategory(HomePage.java:91)
at PageRepository.HomePage.getcategory(HomePage.java:91)
at PageRepository.HomePage.getcategory(HomePage.java:91)
at PageRepository.HomePage.getcategory(HomePage.java:91)
at PageRepository.HomePage.getcategory(HomePage.java:91)
at PageRepository.HomePage.getcategory(HomePage.java:91)
at PageRepository.HomePage.getcategory(HomePage.java:91)
at PageRepository.HomePage.getcategory(HomePage.java:91)
at PageRepository.HomePage.getcategory(HomePage.java:91)
at PageRepository.HomePage.getcategory(HomePage.java:91)
at PageRepository.HomePage.getcategory(HomePage.java:91)
at PageRepository.HomePage.getcategory(HomePage.java:91)
at PageRepository.HomePage.getcategory(HomePage.java:91)
at PageRepository.HomePage.getcategory(HomePage.java:91)
at PageRepository.HomePage.getcategory(HomePage.java:91)
at PageRepository.HomePage.getcategory(HomePage.java:91)
at PageRepository.HomePage.getcategory(HomePage.java:91)
at PageRepository.HomePage.getcategory(HomePage.java:91)
at PageRepository.HomePage.getcategory(HomePage.java:91)
at PageRepository.HomePage.getcategory(HomePage.java:91)
at PageRepository.HomePage.getcategory(HomePage.java:91)
at PageRepository.HomePage.getcategory(HomePage.java:91)
at PageRepository.HomePage.getcategory(HomePage.java:91)
at PageRepository.HomePage.getcategory(HomePage.java:91)
at PageRepository.HomePage.getcategory(HomePage.java:91)
at PageRepository.HomePage.getcategory(HomePage.java:91)
at PageRepository.HomePage.getcategory(HomePage.java:91)
at PageRepository.HomePage.getcategory(HomePage.java:91)
at PageRepository.HomePage.getcategory(HomePage.java:91)
at PageRepository.HomePage.getcategory(HomePage.java:91)
at PageRepository.HomePage.getcategory(HomePage.java:91)
at PageRepository.HomePage.getcategory(HomePage.java:91)
at PageRepository.HomePage.getcategory(HomePage.java:91)
at PageRepository.HomePage.getcategory(HomePage.java:91)
at PageRepository.HomePage.getcategory(HomePage.java:91)
at PageRepository.HomePage.getcategory(HomePage.java:91)
at PageRepository.HomePage.getcategory(HomePage.java:91)
at PageRepository.HomePage.getcategory(HomePage.java:91)
at PageRepository.HomePage.getcategory(HomePage.java:91)
at PageRepository.HomePage.getcategory(HomePage.java:91)
at PageRepository.HomePage.getcategory(HomePage.java:91)
at PageRepository.HomePage.getcategory(HomePage.java:91)
at PageRepository.HomePage.getcategory(HomePage.java:91)
at PageRepository.HomePage.getcategory(HomePage.java:91)
at PageRepository.HomePage.getcategory(HomePage.java:91)
at PageRepository.HomePage.getcategory(HomePage.java:91)
at PageRepository.HomePage.getcategory(HomePage.java:91)
at PageRepository.HomePage.getcategory(HomePage.java:91)
at PageRepository.HomePage.getcategory(HomePage.java:91)
at PageRepository.HomePage.getcategory(HomePage.java:91)
at PageRepository.HomePage.getcategory(HomePage.java:91)
at PageRepository.HomePage.getcategory(HomePage.java:91)
at PageRepository.HomePage.getcategory(HomePage.java:91)
at PageRepository.HomePage.getcategory(HomePage.java:91)
at PageRepository.HomePage.getcategory(HomePage.java:91)
at PageRepository.HomePage.getcategory(HomePage.java:91)
at PageRepository.HomePage.getcategory(HomePage.java:91)
at PageRepository.HomePage.getcategory(HomePage.java:91)
at PageRepository.HomePage.getcategory(HomePage.java:91)
at PageRepository.HomePage.getcategory(HomePage.java:91)
at PageRepository.HomePage.getcategory(HomePage.java:91)
at PageRepository.HomePage.getcategory(HomePage.java:91)
at PageRepository.HomePage.getcategory(HomePage.java:91)
at PageRepository.HomePage.getcategory(HomePage.java:91)
at PageRepository.HomePage.getcategory(HomePage.java:91)
at PageRepository.HomePage.getcategory(HomePage.java:91)
at PageRepository.HomePage.getcategory(HomePage.java:91)
at PageRepository.HomePage.getcategory(HomePage.java:91)
at PageRepository.HomePage.getcategory(HomePage.java:91)
at PageRepository.HomePage.getcategory(HomePage.java:91)
at PageRepository.HomePage.getcategory(HomePage.java:91)
at PageRepository.HomePage.getcategory(HomePage.java:91)
at PageRepository.HomePage.getcategory(HomePage.java:91)
at PageRepository.HomePage.getcategory(HomePage.java:91)
at PageRepository.HomePage.getcategory(HomePage.java:91)
at PageRepository.HomePage.getcategory(HomePage.java:91)
at PageRepository.HomePage.getcategory(HomePage.java:91)
at PageRepository.HomePage.getcategory(HomePage.java:91)
at PageRepository.HomePage.getcategory(HomePage.java:91)
at PageRepository.HomePage.getcategory(HomePage.java:91)
at PageRepository.HomePage.getcategory(HomePage.java:91)
at PageRepository.HomePage.getcategory(HomePage.java:91)
at PageRepository.HomePage.getcategory(HomePage.java:91)
at PageRepository.HomePage.getcategory(HomePage.java:91)
at PageRepository.HomePage.getcategory(HomePage.java:91)
at PageRepository.HomePage.getcategory(HomePage.java:91)
at PageRepository.HomePage.getcategory(HomePage.java:91)
at PageRepository.HomePage.getcategory(HomePage.java:91)
at PageRepository.HomePage.getcategory(HomePage.java:91)
at PageRepository.HomePage.getcategory(HomePage.java:91)
at PageRepository.HomePage.getcategory(HomePage.java:91)
at PageRepository.HomePage.getcategory(HomePage.java:91)
at PageRepository.HomePage.getcategory(HomePage.java:91)
at PageRepository.HomePage.getcategory(HomePage.java:91)
at PageRepository.HomePage.getcategory(HomePage.java:91)
at PageRepository.HomePage.getcategory(HomePage.java:91)
at PageRepository.HomePage.getcategory(HomePage.java:91)
at PageRepository.HomePage.getcategory(HomePage.java:91)
at PageRepository.HomePage.getcategory(HomePage.java:91)
at PageRepository.HomePage.getcategory(HomePage.java:91)
at PageRepository.HomePage.getcategory(HomePage.java:91)
at PageRepository.HomePage.getcategory(HomePage.java:91)
at PageRepository.HomePage.getcategory(HomePage.java:91)
at PageRepository.HomePage.getcategory(HomePage.java:91)
at PageRepository.HomePage.getcategory(HomePage.java:91)
at PageRepository.HomePage.getcategory(HomePage.java:91)
at PageRepository.HomePage.getcategory(HomePage.java:91)
at PageRepository.HomePage.getcategory(HomePage.java:91)
at PageRepository.HomePage.getcategory(HomePage.java:91)
at PageRepository.HomePage.getcategory(HomePage.java:91)
at PageRepository.HomePage.getcategory(HomePage.java:91)
at PageRepository.HomePage.getcategory(HomePage.java:91)
at PageRepository.HomePage.getcategory(HomePage.java:91)
at PageRepository.HomePage.getcategory(HomePage.java:91)
at PageRepository.HomePage.getcategory(HomePage.java:91)
at PageRepository.HomePage.getcategory(HomePage.java:91)
at PageRepository.HomePage.getcategory(HomePage.java:91)
at PageRepository.HomePage.getcategory(HomePage.java:91)
at PageRepository.HomePage.getcategory(HomePage.java:91)
at PageRepository.HomePage.getcategory(HomePage.java:91)
at PageRepository.HomePage.getcategory(HomePage.java:91)
at PageRepository.HomePage.getcategory(HomePage.java:91)
at PageRepository.HomePage.getcategory(HomePage.java:91)
at PageRepository.HomePage.getcategory(HomePage.java:91)
at PageRepository.HomePage.getcategory(HomePage.java:91)
at PageRepository.HomePage.getcategory(HomePage.java:91)
at PageRepository.HomePage.getcategory(HomePage.java:91)
at PageRepository.HomePage.getcategory(HomePage.java:91)
at PageRepository.HomePage.getcategory(HomePage.java:91)
at PageRepository.HomePage.getcategory(HomePage.java:91)
at PageRepository.HomePage.getcategory(HomePage.java:91)
at PageRepository.HomePage.getcategory(HomePage.java:91)
at PageRepository.HomePage.getcategory(HomePage.java:91)
at PageRepository.HomePage.getcategory(HomePage.java:91)
at PageRepository.HomePage.getcategory(HomePage.java:91)
at PageRepository.HomePage.getcategory(HomePage.java:91)
at PageRepository.HomePage.getcategory(HomePage.java:91)
at PageRepository.HomePage.getcategory(HomePage.java:91)
at PageRepository.HomePage.getcategory(HomePage.java:91)
at PageRepository.HomePage.getcategory(HomePage.java:91)
at PageRepository.HomePage.getcategory(HomePage.java:91)
at PageRepository.HomePage.getcategory(HomePage.java:91)
at PageRepository.HomePage.getcategory(HomePage.java:91)
at PageRepository.HomePage.getcategory(HomePage.java:91)
at PageRepository.HomePage.getcategory(HomePage.java:91)
at PageRepository.HomePage.getcategory(HomePage.java:91)
at PageRepository.HomePage.getcategory(HomePage.java:91)
at PageRepository.HomePage.getcategory(HomePage.java:91)
at PageRepository.HomePage.getcategory(HomePage.java:91)
at PageRepository.HomePage.getcategory(HomePage.java:91)
at PageRepository.HomePage.getcategory(HomePage.java:91)
at PageRepository.HomePage.getcategory(HomePage.java:91)
at PageRepository.HomePage.getcategory(HomePage.java:91)
at PageRepository.HomePage.getcategory(HomePage.java:91)
at PageRepository.HomePage.getcategory(HomePage.java:91)
at PageRepository.HomePage.getcategory(HomePage.java:91)
at PageRepository.HomePage.getcategory(HomePage.java:91)
at PageRepository.HomePage.getcategory(HomePage.java:91)
at PageRepository.HomePage.getcategory(HomePage.java:91)
at PageRepository.HomePage.getcategory(HomePage.java:91)
at PageRepository.HomePage.getcategory(HomePage.java:91)
at PageRepository.HomePage.getcategory(HomePage.java:91)
at PageRepository.HomePage.getcategory(HomePage.java:91)
at PageRepository.HomePage.getcategory(HomePage.java:91)
at PageRepository.HomePage.getcategory(HomePage.java:91)
at PageRepository.HomePage.getcategory(HomePage.java:91)
at PageRepository.HomePage.getcategory(HomePage.java:91)
at PageRepository.HomePage.getcategory(HomePage.java:91)
at PageRepository.HomePage.getcategory(HomePage.java:91)
at PageRepository.HomePage.getcategory(HomePage.java:91)
at PageRepository.HomePage.getcategory(HomePage.java:91)
at PageRepository.HomePage.getcategory(HomePage.java:91)
at PageRepository.HomePage.getcategory(HomePage.java:91)
at PageRepository.HomePage.getcategory(HomePage.java:91)
at PageRepository.HomePage.getcategory(HomePage.java:91)
at PageRepository.HomePage.getcategory(HomePage.java:91)
at PageRepository.HomePage.getcategory(HomePage.java:91)
at PageRepository.HomePage.getcategory(HomePage.java:91)
at PageRepository.HomePage.getcategory(HomePage.java:91)
at PageRepository.HomePage.getcategory(HomePage.java:91)
at PageRepository.HomePage.getcategory(HomePage.java:91)
at PageRepository.HomePage.getcategory(HomePage.java:91)
at PageRepository.HomePage.getcategory(HomePage.java:91)
at PageRepository.HomePage.getcategory(HomePage.java:91)
at PageRepository.HomePage.getcategory(HomePage.java:91)
at PageRepository.HomePage.getcategory(HomePage.java:91)
at PageRepository.HomePage.getcategory(HomePage.java:91)
at PageRepository.HomePage.getcategory(HomePage.java:91)
at PageRepository.HomePage.getcategory(HomePage.java:91)
at PageRepository.HomePage.getcategory(HomePage.java:91)
]]>
    </error>
  </testcase> <!-- View_Category_Products -->
  <system-out>
    <![CDATA[BrowserSetup: chrome Successfull
Closebrowser Successfull
BrowserSetup: chrome Successfull
Closebrowser Successfull
BrowserSetup: chrome Successfull
Closebrowser Successfull
BrowserSetup: chrome Successfull
Closebrowser Successfull
BrowserSetup: chrome Successfull
Closebrowser Successfull
BrowserSetup: chrome Successfull
Closebrowser Successfull
BrowserSetup: chrome Successfull
Closebrowser Successfull
BrowserSetup: chrome Successfull
Closebrowser Successfull
BrowserSetup: chrome Successfull
Closebrowser Successfull
BrowserSetup: chrome Successfull
Closebrowser Successfull
BrowserSetup: chrome Successfull
Closebrowser Successfull
BrowserSetup: chrome Successfull
Closebrowser Successfull
BrowserSetup: chrome Successfull
Closebrowser Successfull
BrowserSetup: chrome Successfull
Closebrowser Successfull
BrowserSetup: chrome Successfull
Closebrowser Successfull
BrowserSetup: chrome Successfull
Closebrowser Successfull
BrowserSetup: chrome Successfull
Closebrowser Successfull
BrowserSetup: chrome Successfull
Closebrowser Successfull
BrowserSetup: chrome Successfull
Closebrowser Successfull
BrowserSetup: chrome Successfull
Closebrowser Successfull
BrowserSetup: chrome Successfull
Closebrowser Successfull
BrowserSetup: chrome Successfull
Closebrowser Successfull
BrowserSetup: chrome Successfull
Closebrowser Successfull
BrowserSetup: chrome Successfull
Closebrowser Successfull
BrowserSetup: chrome Successfull
Closebrowser Successfull]]>
  </system-out>
</testsuite> <!-- product_test.Testcase_18 -->
